<?xml version="1.0" encoding="UTF-8"?>
<!-- Generated by org.testng.reporters.JUnitXMLReporter -->
<testsuite hostname="U0135888-TPL-A" name="functional" tests="3" failures="0" timestamp="21 Aug 2017 17:01:29 GMT" time="243.081" errors="0">
  <testcase name="Test1" time="122.992" classname="com.practice.selenium.Applicationfromfill"/>
  <testcase name="rock" time="64.987" classname="com.practice.selenium.Costco"/>
  <testcase name="Test3" time="55.056" classname="com.practice.selenium.Dragable"/>
</testsuite> <!-- functional -->
