<?xml version="1.0" encoding="UTF-8"?>
<!-- Generated by org.testng.reporters.JUnitXMLReporter -->
<testsuite hostname="U0135888-TPL-A" name="Smoke" tests="3" failures="0" timestamp="22 Aug 2017 16:44:06 GMT" time="200.465" errors="0">
  <testcase name="Draggable1" time="50.712" classname="com.practice.selenium.Dragable"/>
  <testcase name="Costco1" time="57.249" classname="com.practice.selenium.Costco"/>
  <testcase name="applicationformfill" time="92.461" classname="com.practice.selenium.Costco"/>
</testsuite> <!-- Smoke -->
